08/16/2018 08:03:42 PM 
08/16/2018 08:03:42 PM Loading Music Styles
08/16/2018 08:03:42 PM Recognized style: mysterium
08/16/2018 08:03:42 PM Recognized style: symphony
08/16/2018 08:03:42 PM Recognized style: jarhead
08/16/2018 08:03:42 PM Recognized style: mysterium
08/16/2018 08:03:42 PM Preinit of mixer
08/16/2018 08:03:42 PM Init Mixer
08/16/2018 08:03:42 PM Prepping Channel A
08/16/2018 08:03:42 PM Prepping Channel B
08/16/2018 08:03:42 PM Startup Sound
08/16/2018 08:03:42 PM Entering while loop
08/16/2018 08:03:47 PM SFX key 2
08/16/2018 08:03:47 PM Playing something because 2  was pressed
08/16/2018 08:03:47 PM No music playing yet, no soundeffects for you
08/16/2018 08:03:48 PM SFX key 2
08/16/2018 08:03:48 PM Playing something because 2  was pressed
08/16/2018 08:03:48 PM No music playing yet, no soundeffects for you
08/16/2018 08:03:48 PM SFX key 2
08/16/2018 08:03:48 PM Playing something because 2  was pressed
08/16/2018 08:03:48 PM No music playing yet, no soundeffects for you
08/16/2018 08:03:49 PM Space was pressed, waiting for a number to fade to other music
08/16/2018 08:03:50 PM 2
08/16/2018 08:03:50 PM Fading to a new style
08/16/2018 08:03:50 PM Loading new Soundeffects
08/16/2018 08:03:50 PM Loading Soundeffects
08/16/2018 08:03:50 PM Done loading Soundeffects
08/16/2018 08:03:50 PM Getting new Music
08/16/2018 08:03:50 PM Getting a Radom Playlist
08/16/2018 08:03:50 PM Done
08/16/2018 08:03:50 PM Begin Fading...
08/16/2018 08:03:50 PM Fading from A
08/16/2018 08:03:50 PM Play and pause on B
08/16/2018 08:03:50 PM Getting next song from playlist
08/16/2018 08:03:50 PM Done
08/16/2018 08:03:51 PM Playing the song
08/16/2018 08:03:51 PM paused the song
08/16/2018 08:03:51 PM Unpause B
08/16/2018 08:03:51 PM Fading
08/16/2018 08:03:51 PM Setting Volumes
08/16/2018 08:03:51 PM Fading
08/16/2018 08:03:51 PM Setting Volumes
08/16/2018 08:03:51 PM Fading
08/16/2018 08:03:51 PM Setting Volumes
08/16/2018 08:03:51 PM Fading
08/16/2018 08:03:51 PM Setting Volumes
08/16/2018 08:03:51 PM Fading
08/16/2018 08:03:51 PM Setting Volumes
08/16/2018 08:03:51 PM Fading
08/16/2018 08:03:51 PM Setting Volumes
08/16/2018 08:03:51 PM Fading
08/16/2018 08:03:51 PM Setting Volumes
08/16/2018 08:03:51 PM Fading
08/16/2018 08:03:51 PM Setting Volumes
08/16/2018 08:03:51 PM Fading
08/16/2018 08:03:51 PM Setting Volumes
08/16/2018 08:03:51 PM Fading
08/16/2018 08:03:51 PM Setting Volumes
08/16/2018 08:03:51 PM Fading
08/16/2018 08:03:51 PM Setting Volumes
08/16/2018 08:03:51 PM Fading
08/16/2018 08:03:51 PM Setting Volumes
08/16/2018 08:03:51 PM Fading
08/16/2018 08:03:51 PM Setting Volumes
08/16/2018 08:03:51 PM Fading
08/16/2018 08:03:51 PM Setting Volumes
08/16/2018 08:03:51 PM Fading
08/16/2018 08:03:51 PM Setting Volumes
08/16/2018 08:03:51 PM Fading
08/16/2018 08:03:51 PM Setting Volumes
08/16/2018 08:03:51 PM Fading
08/16/2018 08:03:51 PM Setting Volumes
08/16/2018 08:03:51 PM Fading
08/16/2018 08:03:51 PM Setting Volumes
08/16/2018 08:03:51 PM Fading
08/16/2018 08:03:51 PM Setting Volumes
08/16/2018 08:03:51 PM Fading
08/16/2018 08:03:51 PM Setting Volumes
08/16/2018 08:03:51 PM Fading
08/16/2018 08:03:51 PM Setting Volumes
08/16/2018 08:03:51 PM Fading
08/16/2018 08:03:51 PM Setting Volumes
08/16/2018 08:03:51 PM Fading
08/16/2018 08:03:51 PM Setting Volumes
08/16/2018 08:03:51 PM Fading
08/16/2018 08:03:51 PM Setting Volumes
08/16/2018 08:03:51 PM Fading
08/16/2018 08:03:51 PM Setting Volumes
08/16/2018 08:03:51 PM Fading
08/16/2018 08:03:51 PM Setting Volumes
08/16/2018 08:03:51 PM Fading
08/16/2018 08:03:51 PM Setting Volumes
08/16/2018 08:03:52 PM Fading
08/16/2018 08:03:52 PM Setting Volumes
08/16/2018 08:03:52 PM Fading
08/16/2018 08:03:52 PM Setting Volumes
08/16/2018 08:03:52 PM Fading
08/16/2018 08:03:52 PM Setting Volumes
08/16/2018 08:03:52 PM Fading
08/16/2018 08:03:52 PM Setting Volumes
08/16/2018 08:03:52 PM Fading
08/16/2018 08:03:52 PM Setting Volumes
08/16/2018 08:03:52 PM Fading
08/16/2018 08:03:52 PM Setting Volumes
08/16/2018 08:03:52 PM Fading
08/16/2018 08:03:52 PM Setting Volumes
08/16/2018 08:03:52 PM Fading
08/16/2018 08:03:52 PM Setting Volumes
08/16/2018 08:03:52 PM Fading
08/16/2018 08:03:52 PM Setting Volumes
08/16/2018 08:03:52 PM Fading
08/16/2018 08:03:52 PM Setting Volumes
08/16/2018 08:03:52 PM Fading
08/16/2018 08:03:52 PM Setting Volumes
08/16/2018 08:03:52 PM Fading
08/16/2018 08:03:52 PM Setting Volumes
08/16/2018 08:03:52 PM Fading
08/16/2018 08:03:52 PM Setting Volumes
08/16/2018 08:03:52 PM Fading
08/16/2018 08:03:52 PM Setting Volumes
08/16/2018 08:03:52 PM Fading
08/16/2018 08:03:52 PM Setting Volumes
08/16/2018 08:03:52 PM Fading
08/16/2018 08:03:52 PM Setting Volumes
08/16/2018 08:03:52 PM Fading
08/16/2018 08:03:52 PM Setting Volumes
08/16/2018 08:03:52 PM Fading
08/16/2018 08:03:52 PM Setting Volumes
08/16/2018 08:03:52 PM Fading
08/16/2018 08:03:52 PM Setting Volumes
08/16/2018 08:03:52 PM Fading
08/16/2018 08:03:52 PM Setting Volumes
08/16/2018 08:03:52 PM Fading
08/16/2018 08:03:52 PM Setting Volumes
08/16/2018 08:03:52 PM Fading
08/16/2018 08:03:52 PM Setting Volumes
08/16/2018 08:03:52 PM Fading
08/16/2018 08:03:52 PM Setting Volumes
08/16/2018 08:03:52 PM Done with fading
08/16/2018 08:03:52 PM Nothing in the Queue of B
08/16/2018 08:03:52 PM Setting a new song
08/16/2018 08:03:53 PM Removing from playlist
08/16/2018 08:03:53 PM Done
08/16/2018 08:03:53 PM Setting to a new Directory
08/16/2018 08:03:53 PM All done with the fading
08/16/2018 08:03:54 PM Enter was pressed. Really quit? Press Enter Again to quit
08/16/2018 08:03:55 PM We are out then
